  Obj.cpp
C:\Users\Hyejin\Documents\GitHub\KatanaZero_WINAPI_Project\DefaultWindow\230608\Obj.h(123,25): warning C4244: '=': 'float'에서 'LONG'(으)로 변환하면서 데이터가 손실될 수 있습니다.
C:\Users\Hyejin\Documents\GitHub\KatanaZero_WINAPI_Project\DefaultWindow\230608\Obj.h(124,24): warning C4244: '=': 'float'에서 'LONG'(으)로 변환하면서 데이터가 손실될 수 있습니다.
C:\Users\Hyejin\Documents\GitHub\KatanaZero_WINAPI_Project\DefaultWindow\230608\Obj.h(125,26): warning C4244: '=': 'float'에서 'LONG'(으)로 변환하면서 데이터가 손실될 수 있습니다.
C:\Users\Hyejin\Documents\GitHub\KatanaZero_WINAPI_Project\DefaultWindow\230608\Obj.h(126,27): warning C4244: '=': 'float'에서 'LONG'(으)로 변환하면서 데이터가 손실될 수 있습니다.
C:\Users\Hyejin\Documents\GitHub\KatanaZero_WINAPI_Project\DefaultWindow\230608\Obj.h(148,27): warning C4244: '=': 'float'에서 'LONG'(으)로 변환하면서 데이터가 손실될 수 있습니다.
C:\Users\Hyejin\Documents\GitHub\KatanaZero_WINAPI_Project\DefaultWindow\230608\Obj.h(149,26): warning C4244: '=': 'float'에서 'LONG'(으)로 변환하면서 데이터가 손실될 수 있습니다.
C:\Users\Hyejin\Documents\GitHub\KatanaZero_WINAPI_Project\DefaultWindow\230608\Obj.h(150,28): warning C4244: '=': 'float'에서 'LONG'(으)로 변환하면서 데이터가 손실될 수 있습니다.
C:\Users\Hyejin\Documents\GitHub\KatanaZero_WINAPI_Project\DefaultWindow\230608\Obj.h(151,29): warning C4244: '=': 'float'에서 'LONG'(으)로 변환하면서 데이터가 손실될 수 있습니다.
C:\Users\Hyejin\Documents\GitHub\KatanaZero_WINAPI_Project\DefaultWindow\230608\Obj.cpp(138,36): warning C4244: '=': 'float'에서 'LONG'(으)로 변환하면서 데이터가 손실될 수 있습니다.
C:\Users\Hyejin\Documents\GitHub\KatanaZero_WINAPI_Project\DefaultWindow\230608\Obj.cpp(139,36): warning C4244: '=': 'float'에서 'LONG'(으)로 변환하면서 데이터가 손실될 수 있습니다.
C:\Users\Hyejin\Documents\GitHub\KatanaZero_WINAPI_Project\DefaultWindow\230608\Obj.cpp(140,37): warning C4244: '=': 'float'에서 'LONG'(으)로 변환하면서 데이터가 손실될 수 있습니다.
C:\Users\Hyejin\Documents\GitHub\KatanaZero_WINAPI_Project\DefaultWindow\230608\Obj.cpp(141,37): warning C4244: '=': 'float'에서 'LONG'(으)로 변환하면서 데이터가 손실될 수 있습니다.
C:\Users\Hyejin\Documents\GitHub\KatanaZero_WINAPI_Project\DefaultWindow\230608\Obj.cpp(145,32): warning C4244: '=': 'float'에서 'LONG'(으)로 변환하면서 데이터가 손실될 수 있습니다.
C:\Users\Hyejin\Documents\GitHub\KatanaZero_WINAPI_Project\DefaultWindow\230608\Obj.cpp(146,42): warning C4244: '=': 'float'에서 'LONG'(으)로 변환하면서 데이터가 손실될 수 있습니다.
C:\Users\Hyejin\Documents\GitHub\KatanaZero_WINAPI_Project\DefaultWindow\230608\Obj.cpp(150,33): warning C4244: '=': 'float'에서 'LONG'(으)로 변환하면서 데이터가 손실될 수 있습니다.
C:\Users\Hyejin\Documents\GitHub\KatanaZero_WINAPI_Project\DefaultWindow\230608\Obj.cpp(151,40): warning C4244: '=': 'float'에서 'LONG'(으)로 변환하면서 데이터가 손실될 수 있습니다.
C:\Users\Hyejin\Documents\GitHub\KatanaZero_WINAPI_Project\DefaultWindow\230608\Obj.cpp(170,18): warning C4244: '인수': 'float'에서 'int'(으)로 변환하면서 데이터가 손실될 수 있습니다.
C:\Users\Hyejin\Documents\GitHub\KatanaZero_WINAPI_Project\DefaultWindow\230608\Obj.cpp(169,17): warning C4244: '인수': 'float'에서 'int'(으)로 변환하면서 데이터가 손실될 수 있습니다.
C:\Users\Hyejin\Documents\GitHub\KatanaZero_WINAPI_Project\DefaultWindow\230608\Obj.cpp(168,15): warning C4244: '인수': 'float'에서 'int'(으)로 변환하면서 데이터가 손실될 수 있습니다.
C:\Users\Hyejin\Documents\GitHub\KatanaZero_WINAPI_Project\DefaultWindow\230608\Obj.cpp(167,30): warning C4244: '인수': 'float'에서 'int'(으)로 변환하면서 데이터가 손실될 수 있습니다.
C:\Users\Hyejin\Documents\GitHub\KatanaZero_WINAPI_Project\DefaultWindow\230608\Obj.cpp(175,20): warning C4244: '인수': 'float'에서 'int'(으)로 변환하면서 데이터가 손실될 수 있습니다.
C:\Users\Hyejin\Documents\GitHub\KatanaZero_WINAPI_Project\DefaultWindow\230608\Obj.cpp(174,19): warning C4244: '인수': 'float'에서 'int'(으)로 변환하면서 데이터가 손실될 수 있습니다.
C:\Users\Hyejin\Documents\GitHub\KatanaZero_WINAPI_Project\DefaultWindow\230608\Obj.cpp(173,17): warning C4244: '인수': 'float'에서 'int'(으)로 변환하면서 데이터가 손실될 수 있습니다.
C:\Users\Hyejin\Documents\GitHub\KatanaZero_WINAPI_Project\DefaultWindow\230608\Obj.cpp(172,32): warning C4244: '인수': 'float'에서 'int'(으)로 변환하면서 데이터가 손실될 수 있습니다.
C:\Users\Hyejin\Documents\GitHub\KatanaZero_WINAPI_Project\DefaultWindow\230608\Obj.cpp(196,27): warning C4244: '인수': 'float'에서 'int'(으)로 변환하면서 데이터가 손실될 수 있습니다.
C:\Users\Hyejin\Documents\GitHub\KatanaZero_WINAPI_Project\DefaultWindow\230608\Obj.cpp(195,26): warning C4244: '인수': 'float'에서 'int'(으)로 변환하면서 데이터가 손실될 수 있습니다.
C:\Users\Hyejin\Documents\GitHub\KatanaZero_WINAPI_Project\DefaultWindow\230608\Obj.cpp(194,24): warning C4244: '인수': 'float'에서 'int'(으)로 변환하면서 데이터가 손실될 수 있습니다.
C:\Users\Hyejin\Documents\GitHub\KatanaZero_WINAPI_Project\DefaultWindow\230608\Obj.cpp(193,39): warning C4244: '인수': 'float'에서 'int'(으)로 변환하면서 데이터가 손실될 수 있습니다.
C:\Users\Hyejin\Documents\GitHub\KatanaZero_WINAPI_Project\DefaultWindow\230608\Obj.cpp(202,27): warning C4244: '인수': 'float'에서 'int'(으)로 변환하면서 데이터가 손실될 수 있습니다.
C:\Users\Hyejin\Documents\GitHub\KatanaZero_WINAPI_Project\DefaultWindow\230608\Obj.cpp(201,26): warning C4244: '인수': 'float'에서 'int'(으)로 변환하면서 데이터가 손실될 수 있습니다.
C:\Users\Hyejin\Documents\GitHub\KatanaZero_WINAPI_Project\DefaultWindow\230608\Obj.cpp(200,24): warning C4244: '인수': 'float'에서 'int'(으)로 변환하면서 데이터가 손실될 수 있습니다.
C:\Users\Hyejin\Documents\GitHub\KatanaZero_WINAPI_Project\DefaultWindow\230608\Obj.cpp(199,39): warning C4244: '인수': 'float'에서 'int'(으)로 변환하면서 데이터가 손실될 수 있습니다.
C:\Users\Hyejin\Documents\GitHub\KatanaZero_WINAPI_Project\DefaultWindow\230608\Obj.cpp(226,19): warning C4244: '인수': 'float'에서 'int'(으)로 변환하면서 데이터가 손실될 수 있습니다.
C:\Users\Hyejin\Documents\GitHub\KatanaZero_WINAPI_Project\DefaultWindow\230608\Obj.cpp(225,18): warning C4244: '인수': 'float'에서 'int'(으)로 변환하면서 데이터가 손실될 수 있습니다.
C:\Users\Hyejin\Documents\GitHub\KatanaZero_WINAPI_Project\DefaultWindow\230608\Obj.cpp(224,16): warning C4244: '인수': 'float'에서 'int'(으)로 변환하면서 데이터가 손실될 수 있습니다.
C:\Users\Hyejin\Documents\GitHub\KatanaZero_WINAPI_Project\DefaultWindow\230608\Obj.cpp(223,31): warning C4244: '인수': 'float'에서 'int'(으)로 변환하면서 데이터가 손실될 수 있습니다.
C:\Users\Hyejin\Documents\GitHub\KatanaZero_WINAPI_Project\DefaultWindow\230608\Obj.cpp(326,11): warning C4244: '인수': 'float'에서 'INT'(으)로 변환하면서 데이터가 손실될 수 있습니다.
C:\Users\Hyejin\Documents\GitHub\KatanaZero_WINAPI_Project\DefaultWindow\230608\Obj.cpp(325,11): warning C4244: '인수': 'float'에서 'INT'(으)로 변환하면서 데이터가 손실될 수 있습니다.
C:\Users\Hyejin\Documents\GitHub\KatanaZero_WINAPI_Project\DefaultWindow\230608\Obj.cpp(506,12): warning C4244: '인수': 'float'에서 'INT'(으)로 변환하면서 데이터가 손실될 수 있습니다.
C:\Users\Hyejin\Documents\GitHub\KatanaZero_WINAPI_Project\DefaultWindow\230608\Obj.cpp(545,21): warning C4244: '인수': 'int'에서 'Gdiplus::REAL'(으)로 변환하면서 데이터가 손실될 수 있습니다.
C:\Users\Hyejin\Documents\GitHub\KatanaZero_WINAPI_Project\DefaultWindow\230608\Obj.cpp(544,39): warning C4244: '인수': 'int'에서 'Gdiplus::REAL'(으)로 변환하면서 데이터가 손실될 수 있습니다.
C:\Users\Hyejin\Documents\GitHub\KatanaZero_WINAPI_Project\DefaultWindow\230608\Obj.cpp(549,22): warning C4244: '인수': 'int'에서 'Gdiplus::REAL'(으)로 변환하면서 데이터가 손실될 수 있습니다.
C:\Users\Hyejin\Documents\GitHub\KatanaZero_WINAPI_Project\DefaultWindow\230608\Obj.cpp(548,40): warning C4244: '인수': 'int'에서 'Gdiplus::REAL'(으)로 변환하면서 데이터가 손실될 수 있습니다.
C:\Users\Hyejin\Documents\GitHub\KatanaZero_WINAPI_Project\DefaultWindow\230608\Obj.cpp(595,21): warning C4244: '인수': 'int'에서 'Gdiplus::REAL'(으)로 변환하면서 데이터가 손실될 수 있습니다.
C:\Users\Hyejin\Documents\GitHub\KatanaZero_WINAPI_Project\DefaultWindow\230608\Obj.cpp(594,39): warning C4244: '인수': 'int'에서 'Gdiplus::REAL'(으)로 변환하면서 데이터가 손실될 수 있습니다.
C:\Users\Hyejin\Documents\GitHub\KatanaZero_WINAPI_Project\DefaultWindow\230608\Obj.cpp(599,22): warning C4244: '인수': 'int'에서 'Gdiplus::REAL'(으)로 변환하면서 데이터가 손실될 수 있습니다.
C:\Users\Hyejin\Documents\GitHub\KatanaZero_WINAPI_Project\DefaultWindow\230608\Obj.cpp(598,40): warning C4244: '인수': 'int'에서 'Gdiplus::REAL'(으)로 변환하면서 데이터가 손실될 수 있습니다.
C:\Users\Hyejin\Documents\GitHub\KatanaZero_WINAPI_Project\DefaultWindow\230608\Obj.cpp(613,50): warning C4244: '인수': 'float'에서 'INT'(으)로 변환하면서 데이터가 손실될 수 있습니다.
C:\Users\Hyejin\Documents\GitHub\KatanaZero_WINAPI_Project\DefaultWindow\230608\Obj.cpp(612,50): warning C4244: '인수': 'float'에서 'INT'(으)로 변환하면서 데이터가 손실될 수 있습니다.
C:\Users\Hyejin\Documents\GitHub\KatanaZero_WINAPI_Project\DefaultWindow\230608\Obj.cpp(628,50): warning C4244: '인수': 'float'에서 'INT'(으)로 변환하면서 데이터가 손실될 수 있습니다.
C:\Users\Hyejin\Documents\GitHub\KatanaZero_WINAPI_Project\DefaultWindow\230608\Obj.cpp(627,50): warning C4244: '인수': 'float'에서 'INT'(으)로 변환하면서 데이터가 손실될 수 있습니다.
C:\Users\Hyejin\Documents\GitHub\KatanaZero_WINAPI_Project\DefaultWindow\230608\Obj.cpp(668,21): warning C4244: '인수': 'int'에서 'Gdiplus::REAL'(으)로 변환하면서 데이터가 손실될 수 있습니다.
C:\Users\Hyejin\Documents\GitHub\KatanaZero_WINAPI_Project\DefaultWindow\230608\Obj.cpp(667,39): warning C4244: '인수': 'int'에서 'Gdiplus::REAL'(으)로 변환하면서 데이터가 손실될 수 있습니다.
C:\Users\Hyejin\Documents\GitHub\KatanaZero_WINAPI_Project\DefaultWindow\230608\Obj.cpp(672,22): warning C4244: '인수': 'int'에서 'Gdiplus::REAL'(으)로 변환하면서 데이터가 손실될 수 있습니다.
C:\Users\Hyejin\Documents\GitHub\KatanaZero_WINAPI_Project\DefaultWindow\230608\Obj.cpp(671,40): warning C4244: '인수': 'int'에서 'Gdiplus::REAL'(으)로 변환하면서 데이터가 손실될 수 있습니다.
C:\Users\Hyejin\Documents\GitHub\KatanaZero_WINAPI_Project\DefaultWindow\230608\Obj.cpp(686,50): warning C4244: '인수': 'float'에서 'INT'(으)로 변환하면서 데이터가 손실될 수 있습니다.
C:\Users\Hyejin\Documents\GitHub\KatanaZero_WINAPI_Project\DefaultWindow\230608\Obj.cpp(685,50): warning C4244: '인수': 'float'에서 'INT'(으)로 변환하면서 데이터가 손실될 수 있습니다.
C:\Users\Hyejin\Documents\GitHub\KatanaZero_WINAPI_Project\DefaultWindow\230608\Obj.cpp(701,50): warning C4244: '인수': 'float'에서 'INT'(으)로 변환하면서 데이터가 손실될 수 있습니다.
C:\Users\Hyejin\Documents\GitHub\KatanaZero_WINAPI_Project\DefaultWindow\230608\Obj.cpp(700,50): warning C4244: '인수': 'float'에서 'INT'(으)로 변환하면서 데이터가 손실될 수 있습니다.
C:\Users\Hyejin\Documents\GitHub\KatanaZero_WINAPI_Project\DefaultWindow\230608\Obj.cpp(731,47): warning C4244: '=': 'ULONGLONG'에서 'DWORD'(으)로 변환하면서 데이터가 손실될 수 있습니다.
C:\Users\Hyejin\Documents\GitHub\KatanaZero_WINAPI_Project\DefaultWindow\230608\Obj.cpp(743,47): warning C4244: '=': 'ULONGLONG'에서 'DWORD'(으)로 변환하면서 데이터가 손실될 수 있습니다.
C:\Users\Hyejin\Documents\GitHub\KatanaZero_WINAPI_Project\DefaultWindow\230608\Obj.cpp(754,42): warning C4244: '=': 'double'에서 'LONG'(으)로 변환하면서 데이터가 손실될 수 있습니다.
C:\Users\Hyejin\Documents\GitHub\KatanaZero_WINAPI_Project\DefaultWindow\230608\Obj.cpp(755,41): warning C4244: '=': 'double'에서 'LONG'(으)로 변환하면서 데이터가 손실될 수 있습니다.
C:\Users\Hyejin\Documents\GitHub\KatanaZero_WINAPI_Project\DefaultWindow\230608\Obj.cpp(756,43): warning C4244: '=': 'double'에서 'LONG'(으)로 변환하면서 데이터가 손실될 수 있습니다.
C:\Users\Hyejin\Documents\GitHub\KatanaZero_WINAPI_Project\DefaultWindow\230608\Obj.cpp(757,44): warning C4244: '=': 'double'에서 'LONG'(으)로 변환하면서 데이터가 손실될 수 있습니다.
  코드를 생성하고 있습니다.
  39 of 2165 functions ( 1.8%) were compiled, the rest were copied from previous compilation.
    14 functions were new in current compilation
    27 functions had inline decision re-evaluated but remain unchanged
  코드를 생성했습니다.
  230608.vcxproj -> C:\Users\Hyejin\Documents\GitHub\KatanaZero_WINAPI_Project\DefaultWindow\Release\230608.exe
