c:\users\hyejin\documents\github\secondteamproject\defaultwindow\230608\x64\debug\vc142.pdb
c:\users\hyejin\documents\github\secondteamproject\defaultwindow\230608\x64\debug\vc142.idb
c:\users\hyejin\documents\github\secondteamproject\defaultwindow\230608\x64\debug\scenemanager.obj
c:\users\hyejin\documents\github\secondteamproject\defaultwindow\230608\x64\debug\player.obj
c:\users\hyejin\documents\github\secondteamproject\defaultwindow\230608\x64\debug\cameracomponent.obj
c:\users\hyejin\documents\github\secondteamproject\defaultwindow\230608\x64\debug\cscrollgame.obj
c:\users\hyejin\documents\github\secondteamproject\defaultwindow\230608\x64\debug\230608.obj
c:\users\hyejin\documents\github\secondteamproject\defaultwindow\230608\x64\debug\230608.pch
c:\users\hyejin\documents\github\secondteamproject\defaultwindow\230608\x64\debug\stdafx.obj
c:\users\hyejin\documents\github\secondteamproject\defaultwindow\230608\x64\debug\skill.obj
c:\users\hyejin\documents\github\secondteamproject\defaultwindow\230608\x64\debug\objmgr.obj
c:\users\hyejin\documents\github\secondteamproject\defaultwindow\230608\x64\debug\obj.obj
c:\users\hyejin\documents\github\secondteamproject\defaultwindow\230608\x64\debug\monster.obj
c:\users\hyejin\documents\github\secondteamproject\defaultwindow\230608\x64\debug\linemgr.obj
c:\users\hyejin\documents\github\secondteamproject\defaultwindow\230608\x64\debug\line.obj
c:\users\hyejin\documents\github\secondteamproject\defaultwindow\230608\x64\debug\followbullet.obj
c:\users\hyejin\documents\github\secondteamproject\defaultwindow\230608\x64\debug\scene.obj
c:\users\hyejin\documents\github\secondteamproject\defaultwindow\230608\x64\debug\keymgr.obj
c:\users\hyejin\documents\github\secondteamproject\defaultwindow\230608\x64\debug\component.obj
c:\users\hyejin\documents\github\secondteamproject\defaultwindow\230608\x64\debug\collisionmanager.obj
c:\users\hyejin\documents\github\secondteamproject\defaultwindow\230608\x64\debug\character.obj
c:\users\hyejin\documents\github\secondteamproject\defaultwindow\230608\x64\debug\bmpmgr.obj
c:\users\hyejin\documents\github\secondteamproject\defaultwindow\230608\x64\debug\bitmap.obj
c:\users\hyejin\documents\github\secondteamproject\defaultwindow\x64\debug\230608.exe
c:\users\hyejin\documents\github\secondteamproject\defaultwindow\230608\x64\debug\230608.ilk
c:\users\hyejin\documents\github\secondteamproject\defaultwindow\x64\debug\230608.pdb
c:\users\hyejin\documents\github\secondteamproject\defaultwindow\230608\x64\debug\230608.res
c:\users\hyejin\documents\github\secondteamproject\defaultwindow\230608\x64\debug\230608.tlog\cl.command.1.tlog
c:\users\hyejin\documents\github\secondteamproject\defaultwindow\230608\x64\debug\230608.tlog\cl.read.1.tlog
c:\users\hyejin\documents\github\secondteamproject\defaultwindow\230608\x64\debug\230608.tlog\cl.write.1.tlog
c:\users\hyejin\documents\github\secondteamproject\defaultwindow\230608\x64\debug\230608.tlog\link.command.1.tlog
c:\users\hyejin\documents\github\secondteamproject\defaultwindow\230608\x64\debug\230608.tlog\link.read.1.tlog
c:\users\hyejin\documents\github\secondteamproject\defaultwindow\230608\x64\debug\230608.tlog\link.write.1.tlog
c:\users\hyejin\documents\github\secondteamproject\defaultwindow\230608\x64\debug\230608.tlog\rc.command.1.tlog
c:\users\hyejin\documents\github\secondteamproject\defaultwindow\230608\x64\debug\230608.tlog\rc.read.1.tlog
c:\users\hyejin\documents\github\secondteamproject\defaultwindow\230608\x64\debug\230608.tlog\rc.write.1.tlog
